#
# There is insufficient memory for the Java Runtime Environment to continue.
# Native memory allocation (malloc) failed to allocate 1048576 bytes. Error detail: AllocateHeap
# Possible reasons:
#   The system is out of physical RAM or swap space
#   This process is running with CompressedOops enabled, and the Java Heap may be blocking the growth of the native heap
# Possible solutions:
#   Reduce memory load on the system
#   Increase physical memory or swap space
#   Check if swap backing store is full
#   Decrease Java heap size (-Xmx/-Xms)
#   Decrease number of Java threads
#   Decrease Java thread stack sizes (-Xss)
#   Set larger code cache with -XX:ReservedCodeCacheSize=
#   JVM is running with Unscaled Compressed Oops mode in which the Java heap is
#     placed in the first 4GB address space. The Java Heap base address is the
#     maximum limit for the native heap growth. Please use -XX:HeapBaseMinAddress
#     to set the Java Heap base and to place the Java Heap above 4GB virtual address.
# This output file may be truncated or incomplete.
#
#  Out of Memory Error (allocation.cpp:44), pid=9492, tid=17340
#
# JRE version:  (21.0.6) (build )
# Java VM: OpenJDK 64-Bit Server VM (21.0.6+-13368085-b895.109, mixed mode, sharing, tiered, compressed oops, compressed class ptrs, g1 gc, windows-amd64)
# No core dump will be written. Minidumps are not enabled by default on client versions of Windows
#

---------------  S U M M A R Y ------------

Command Line: git4idea.http.GitAskPassApp Username for 'https://github.com': 

Host: AMD Ryzen 5 3550H with Radeon Vega Mobile Gfx  , 8 cores, 15G,  Windows 10 , 64 bit Build 19041 (10.0.19041.5915)
Time: Sun Jul 13 19:21:33 2025 Malay Peninsula Standard Time elapsed time: 0.031719 seconds (0d 0h 0m 0s)

---------------  T H R E A D  ---------------

Current thread (0x0000020daa1c3570):  JavaThread "Unknown thread" [_thread_in_vm, id=17340, stack(0x0000008928400000,0x0000008928500000) (1024K)]

Stack: [0x0000008928400000,0x0000008928500000]
Native frames: (J=compiled Java code, j=interpreted, Vv=VM code, C=native code)
V  [jvm.dll+0x6d0639]
V  [jvm.dll+0x85eb03]
V  [jvm.dll+0x86105e]
V  [jvm.dll+0x861743]
V  [jvm.dll+0x27e6e6]
V  [jvm.dll+0xba6e7]
V  [jvm.dll+0x3257c5]
V  [jvm.dll+0x82650d]
V  [jvm.dll+0x3bc158]
V  [jvm.dll+0x80f7f8]
V  [jvm.dll+0x45035e]
V  [jvm.dll+0x451ac1]
C  [jli.dll+0x52ab]
C  [ucrtbase.dll+0x21bb2]
C  [KERNEL32.DLL+0x17374]
C  [ntdll.dll+0x4cc91]


---------------  P R O C E S S  ---------------

Threads class SMR info:
_java_thread_list=0x00007ff939991848, length=0, elements={
}

Java Threads: ( => current thread )
Total: 0

Other Threads:

=>0x0000020daa1c3570 (exited) JavaThread "Unknown thread"    [_thread_in_vm, id=17340, stack(0x0000008928400000,0x0000008928500000) (1024K)]
Total: 1

Threads with active compile tasks:
Total: 0

VM state: not at safepoint (not fully initialized)

VM Mutex/Monitor currently owned by a thread: None

Heap address: 0x0000000000000000, size: 0 MB, Compressed Oops mode: 32-bit

CDS archive(s) mapped at: [0x0000000000000000-0x0000000000000000-0x0000000000000000), size 0, SharedBaseAddress: 0x0000000800000000, ArchiveRelocationMode: 1.
Narrow klass base: 0x0000000000000000, Narrow klass shift: 0, Narrow klass range: 0x0

GC Precious Log:
 CardTable entry size: 512
 Card Set container configuration: InlinePtr #cards 4 size 8 Array Of Cards #cards 16 size 48 Howl #buckets 8 coarsen threshold 3686 Howl Bitmap #cards 512 size 80 coarsen threshold 460 Card regions per heap region 1 cards per card region 4096

GC Heap History (0 events):
No events

Dll operation events (1 events):
Event: 0.020 Loaded shared library C:\Program Files\Android\Android Studio\jbr\bin\java.dll

Deoptimization events (0 events):
No events

Classes loaded (0 events):
No events

Classes unloaded (0 events):
No events

Classes redefined (0 events):
No events

Internal exceptions (0 events):
No events

ZGC Phase Switch (0 events):
No events

VM Operations (0 events):
No events

Memory protections (0 events):
No events

Nmethod flushes (0 events):
No events

Events (0 events):
No events


Dynamic libraries:
0x00007ff708ea0000 - 0x00007ff708eaa000 	C:\Program Files\Android\Android Studio\jbr\bin\java.exe
0x00007ff9d99f0000 - 0x00007ff9d9be8000 	C:\WINDOWS\SYSTEM32\ntdll.dll
0x00007ff9d7e60000 - 0x00007ff9d7f22000 	C:\WINDOWS\System32\KERNEL32.DLL
0x00007ff9d72c0000 - 0x00007ff9d75b6000 	C:\WINDOWS\System32\KERNELBASE.dll
0x00007ff9d70b0000 - 0x00007ff9d71b0000 	C:\WINDOWS\System32\ucrtbase.dll
0x00007ff9b27e0000 - 0x00007ff9b27f8000 	C:\Program Files\Android\Android Studio\jbr\bin\jli.dll
0x00007ff9c6f10000 - 0x00007ff9c6f2b000 	C:\Program Files\Android\Android Studio\jbr\bin\VCRUNTIME140.dll
0x00007ff9d9740000 - 0x00007ff9d98dd000 	C:\WINDOWS\System32\USER32.dll
0x00007ff9d63c0000 - 0x00007ff9d665a000 	C:\WINDOWS\WinSxS\amd64_microsoft.windows.common-controls_6595b64144ccf1df_6.0.19041.5915_none_60b4b9d171f9c7c7\COMCTL32.dll
0x00007ff9d7080000 - 0x00007ff9d70a2000 	C:\WINDOWS\System32\win32u.dll
0x00007ff9d9500000 - 0x00007ff9d959e000 	C:\WINDOWS\System32\msvcrt.dll
0x00007ff9d7e30000 - 0x00007ff9d7e5b000 	C:\WINDOWS\System32\GDI32.dll
0x00007ff9d78f0000 - 0x00007ff9d7a09000 	C:\WINDOWS\System32\gdi32full.dll
0x00007ff9d75c0000 - 0x00007ff9d765d000 	C:\WINDOWS\System32\msvcp_win.dll
0x00007ff9d87b0000 - 0x00007ff9d87df000 	C:\WINDOWS\System32\IMM32.DLL
0x00007ff9cca60000 - 0x00007ff9cca6c000 	C:\Program Files\Android\Android Studio\jbr\bin\vcruntime140_1.dll
0x00007ff9a7d60000 - 0x00007ff9a7ded000 	C:\Program Files\Android\Android Studio\jbr\bin\msvcp140.dll
0x00007ff938e50000 - 0x00007ff939adb000 	C:\Program Files\Android\Android Studio\jbr\bin\server\jvm.dll
0x00007ff9d9610000 - 0x00007ff9d96c1000 	C:\WINDOWS\System32\ADVAPI32.dll
0x00007ff9d8710000 - 0x00007ff9d87af000 	C:\WINDOWS\System32\sechost.dll
0x00007ff9d91c0000 - 0x00007ff9d92e3000 	C:\WINDOWS\System32\RPCRT4.dll
0x00007ff9d7660000 - 0x00007ff9d7687000 	C:\WINDOWS\System32\bcrypt.dll
0x00007ff9d86a0000 - 0x00007ff9d870b000 	C:\WINDOWS\System32\WS2_32.dll
0x00007ff9d6ee0000 - 0x00007ff9d6f2b000 	C:\WINDOWS\SYSTEM32\POWRPROF.dll
0x00007ff9ced60000 - 0x00007ff9ced6a000 	C:\WINDOWS\SYSTEM32\VERSION.dll
0x00007ff9cb710000 - 0x00007ff9cb737000 	C:\WINDOWS\SYSTEM32\WINMM.dll
0x00007ff9d6ec0000 - 0x00007ff9d6ed2000 	C:\WINDOWS\SYSTEM32\UMPDC.dll
0x00007ff9d40d0000 - 0x00007ff9d40e2000 	C:\WINDOWS\SYSTEM32\kernel.appcore.dll
0x00007ff9cc990000 - 0x00007ff9cc99a000 	C:\Program Files\Android\Android Studio\jbr\bin\jimage.dll
0x00007ff9d69c0000 - 0x00007ff9d6bc1000 	C:\WINDOWS\SYSTEM32\DBGHELP.DLL
0x00007ff9d67d0000 - 0x00007ff9d6804000 	C:\WINDOWS\SYSTEM32\dbgcore.DLL
0x00007ff9d7230000 - 0x00007ff9d72b2000 	C:\WINDOWS\System32\bcryptPrimitives.dll
0x00007ff9c5e70000 - 0x00007ff9c5e90000 	C:\Program Files\Android\Android Studio\jbr\bin\java.dll

dbghelp: loaded successfully - version: 4.0.5 - missing functions: none
symbol engine: initialized successfully - sym options: 0x614 - pdb path: .;C:\Program Files\Android\Android Studio\jbr\bin;C:\WINDOWS\SYSTEM32;C:\WINDOWS\WinSxS\amd64_microsoft.windows.common-controls_6595b64144ccf1df_6.0.19041.5915_none_60b4b9d171f9c7c7;C:\Program Files\Android\Android Studio\jbr\bin\server

VM Arguments:
java_command: git4idea.http.GitAskPassApp Username for 'https://github.com': 
java_class_path (initial): C:/Program Files/Android/Android Studio/plugins/vcs-git/lib/git4idea-rt.jar;C:/Program Files/Android/Android Studio/lib/externalProcess-rt.jar
Launcher Type: SUN_STANDARD

[Global flags]
     intx CICompilerCount                          = 4                                         {product} {ergonomic}
     uint ConcGCThreads                            = 2                                         {product} {ergonomic}
     uint G1ConcRefinementThreads                  = 8                                         {product} {ergonomic}
   size_t G1HeapRegionSize                         = 2097152                                   {product} {ergonomic}
    uintx GCDrainStackTargetSize                   = 64                                        {product} {ergonomic}
   size_t InitialHeapSize                          = 266338304                                 {product} {ergonomic}
   size_t MarkStackSize                            = 4194304                                   {product} {ergonomic}
   size_t MaxHeapSize                              = 4246732800                                {product} {ergonomic}
   size_t MinHeapDeltaBytes                        = 2097152                                   {product} {ergonomic}
   size_t MinHeapSize                              = 8388608                                   {product} {ergonomic}
    uintx NonNMethodCodeHeapSize                   = 5839372                                {pd product} {ergonomic}
    uintx NonProfiledCodeHeapSize                  = 122909434                              {pd product} {ergonomic}
    uintx ProfiledCodeHeapSize                     = 122909434                              {pd product} {ergonomic}
    uintx ReservedCodeCacheSize                    = 251658240                              {pd product} {ergonomic}
     bool SegmentedCodeCache                       = true                                      {product} {ergonomic}
   size_t SoftMaxHeapSize                          = 4246732800                             {manageable} {ergonomic}
     bool UseCompressedOops                        = true                           {product lp64_product} {ergonomic}
     bool UseG1GC                                  = true                                      {product} {ergonomic}
     bool UseLargePagesIndividualAllocation        = false                                  {pd product} {ergonomic}

Logging:
Log output configuration:
 #0: stdout all=warning uptime,level,tags foldmultilines=false
 #1: stderr all=off uptime,level,tags foldmultilines=false

Environment Variables:
PATH=C:/Program Files/Git/mingw64/libexec/git-core;C:/Program Files/Git/mingw64/libexec/git-core;C:\Program Files\Git\mingw64\bin;C:\Program Files\Git\usr\bin;C:\Users\Zekiroh\bin;C:\Program Files\Common Files\Oracle\Java\javapath;C:\Program Files (x86)\Common Files\Oracle\Java\javapath;C:\Program Files (x86)\NVIDIA Corporation\PhysX\Common;C:\ProgramData\Oracle\Java\javapath;C:\WINDOWS\system32;C:\WINDOWS;C:\WINDOWS\System32\Wbem;C:\WINDOWS\System32\WindowsPowerShell\v1.0\;C:\WINDOWS\System32\OpenSSH\;C:\Program Files\dotnet\;C:\Program Files\Microsoft SQL Server\150\Tools\Binn\;C:\Program Files\Java\jdk-20\bin;C:\MinGW\bin;C:\ProgramData\chocolatey\bin;C:\Users\Zekiroh\AppData\Local\nvm;C:\Program Files\nodejs;C:\Program Files\Git\cmd;C:\Program Files\nodejs\;C:\Program Files\MySQL\MySQL Shell 8.0\bin\;C:\Users\Zekiroh\AppData\Local\Microsoft\WindowsApps;C:\Users\Zekiroh\AppData\Local\Programs\Microsoft VS Code\bin;C:\msys64\ucrt64\bin;C:\Users\Zekiroh\AppData\Local\Programs\cursor\resources\app\bin;C:\Users\Zekiroh\AppData\Local\nvm;C:\Program Files\nodejs;C:\Users\Zekiroh\AppData\Roaming\npm
USERNAME=Zekiroh
DISPLAY=:0.0
LC_ALL=en_US.UTF-8
TERM=xterm-256color
TMPDIR=C:\Users\Zekiroh\AppData\Local\Temp
OS=Windows_NT
PROCESSOR_IDENTIFIER=AMD64 Family 23 Model 24 Stepping 1, AuthenticAMD
TMP=C:\Users\Zekiroh\AppData\Local\Temp
TEMP=C:\Users\Zekiroh\AppData\Local\Temp




Periodic native trim disabled

JNI global refs:
JNI global refs: 0, weak refs: 0

JNI global refs memory usage: 0, weak refs: 0

Process memory usage:
Resident Set Size: 10068K (0% of 16583032K total physical memory with 316108K free physical memory)

OOME stack traces (most recent first):
Classloader memory used:

---------------  S Y S T E M  ---------------

OS:
 Windows 10 , 64 bit Build 19041 (10.0.19041.5915)
OS uptime: 0 days 19:55 hours

CPU: total 8 (initial active 8) (8 cores per cpu, 2 threads per core) family 23 model 24 stepping 1 microcode 0x0, cx8, cmov, fxsr, ht, mmx, 3dnowpref, sse, sse2, sse3, ssse3, sse4a, sse4.1, sse4.2, popcnt, lzcnt, tsc, tscinvbit, avx, avx2, aes, clmul, bmi1, bmi2, adx, sha, fma, vzeroupper, clflush, clflushopt, rdtscp, f16c
Processor Information for the first 8 processors :
  Max Mhz: 2100, Current Mhz: 2100, Mhz Limit: 2100

Memory: 4k page, system-wide physical 16194M (308M free)
TotalPageFile size 32578M (AvailPageFile size 3M)
current process WorkingSet (physical memory assigned to process): 9M, peak: 9M
current process commit charge ("private bytes"): 13M, peak: 14M

vm_info: OpenJDK 64-Bit Server VM (21.0.6+-13368085-b895.109) for windows-amd64 JRE (21.0.6+-13368085-b895.109), built on 2025-04-16T17:01:31Z by "builder" with MS VC++ 16.10 / 16.11 (VS2019)

END.
